0 info it worked if it ends with ok
1 verbose cli [ '/usr/local/bin/node', '/home/tijhaart/npm/bin/npm', 'start' ]
2 info using npm@3.6.0
3 info using node@v4.3.0
4 verbose run-script [ 'prestart', 'start', 'poststart' ]
5 info lifecycle webpack-foundation@1.0.0~prestart: webpack-foundation@1.0.0
6 silly lifecycle webpack-foundation@1.0.0~prestart: no script for prestart, continuing
7 info lifecycle webpack-foundation@1.0.0~start: webpack-foundation@1.0.0
8 verbose lifecycle webpack-foundation@1.0.0~start: unsafe-perm in lifecycle true
9 verbose lifecycle webpack-foundation@1.0.0~start: PATH: /home/tijhaart/npm/lib/node_modules/npm/bin/node-gyp-bin:/home/tijhaart/workspace/playground/webpack-foundation/node_modules/.bin:/home/tijhaart/npm/bin:/usr/local/sbin:/usr/local/bin:/usr/sbin:/usr/bin:/sbin:/bin:/usr/games:/usr/local/games
10 verbose lifecycle webpack-foundation@1.0.0~start: CWD: /home/tijhaart/workspace/playground/webpack-foundation
11 silly lifecycle webpack-foundation@1.0.0~start: Args: [ '-c', 'npm run serve' ]
12 silly lifecycle webpack-foundation@1.0.0~start: Returned: code: 1  signal: null
13 info lifecycle webpack-foundation@1.0.0~start: Failed to exec start script
14 verbose stack Error: webpack-foundation@1.0.0 start: `npm run serve`
14 verbose stack Exit status 1
14 verbose stack     at EventEmitter.<anonymous> (/home/tijhaart/npm/lib/node_modules/npm/lib/utils/lifecycle.js:232:16)
14 verbose stack     at emitTwo (events.js:87:13)
14 verbose stack     at EventEmitter.emit (events.js:172:7)
14 verbose stack     at ChildProcess.<anonymous> (/home/tijhaart/npm/lib/node_modules/npm/lib/utils/spawn.js:24:14)
14 verbose stack     at emitTwo (events.js:87:13)
14 verbose stack     at ChildProcess.emit (events.js:172:7)
14 verbose stack     at maybeClose (internal/child_process.js:821:16)
14 verbose stack     at Process.ChildProcess._handle.onexit (internal/child_process.js:211:5)
15 verbose pkgid webpack-foundation@1.0.0
16 verbose cwd /home/tijhaart/workspace/playground/webpack-foundation
17 error Linux 3.19.0-51-generic
18 error argv "/usr/local/bin/node" "/home/tijhaart/npm/bin/npm" "start"
19 error node v4.3.0
20 error npm  v3.6.0
21 error code ELIFECYCLE
22 error webpack-foundation@1.0.0 start: `npm run serve`
22 error Exit status 1
23 error Failed at the webpack-foundation@1.0.0 start script 'npm run serve'.
23 error Make sure you have the latest version of node.js and npm installed.
23 error If you do, this is most likely a problem with the webpack-foundation package,
23 error not with npm itself.
23 error Tell the author that this fails on your system:
23 error     npm run serve
23 error You can get information on how to open an issue for this project with:
23 error     npm bugs webpack-foundation
23 error Or if that isn't available, you can get their info via:
23 error     npm owner ls webpack-foundation
23 error There is likely additional logging output above.
24 verbose exit [ 1, true ]
